\BOOKMARK [0][-]{chapter.1}{Introduction}{}% 1
\BOOKMARK [0][-]{chapter.2}{Getting Started}{}% 2
\BOOKMARK [1][-]{section.2.1}{Quick Start}{chapter.2}% 3
\BOOKMARK [1][-]{section.2.2}{download the code}{chapter.2}% 4
\BOOKMARK [1][-]{section.2.3}{Installation}{chapter.2}% 5
\BOOKMARK [1][-]{section.2.4}{Code Execution}{chapter.2}% 6
\BOOKMARK [2][-]{subsection.2.4.1}{Forward Simulations}{section.2.4}% 7
\BOOKMARK [2][-]{subsection.2.4.2}{Retrieval}{section.2.4}% 8
\BOOKMARK [0][-]{chapter.3}{Input Files}{}% 9
\BOOKMARK [1][-]{section.3.1}{Aerosol File}{chapter.3}% 10
\BOOKMARK [1][-]{section.3.2}{Atmosphere File}{chapter.3}% 11
\BOOKMARK [1][-]{section.3.3}{Control File}{chapter.3}% 12
\BOOKMARK [2][-]{subsection.3.3.1}{Aerosol and Clouds}{section.3.3}% 13
\BOOKMARK [2][-]{subsection.3.3.2}{Continua}{section.3.3}% 14
\BOOKMARK [2][-]{subsection.3.3.3}{Emissivity look-up Tables}{section.3.3}% 15
\BOOKMARK [2][-]{subsection.3.3.4}{Emitter}{section.3.3}% 16
\BOOKMARK [2][-]{subsection.3.3.5}{Field of View}{section.3.3}% 17
\BOOKMARK [2][-]{subsection.3.3.6}{Ray-tracing}{section.3.3}% 18
\BOOKMARK [2][-]{subsection.3.3.7}{Spectral Windows}{section.3.3}% 19
\BOOKMARK [2][-]{subsection.3.3.8}{Examples}{section.3.3}% 20
\BOOKMARK [1][-]{section.3.4}{Observation File}{chapter.3}% 21
\BOOKMARK [1][-]{section.3.5}{Optical Properties Database}{chapter.3}% 22
\BOOKMARK [1][-]{section.3.6}{Refractive Index File}{chapter.3}% 23
\BOOKMARK [1][-]{section.3.7}{Tables}{chapter.3}% 24
\BOOKMARK [0][-]{chapter.4}{Output Files}{}% 25
\BOOKMARK [0][-]{chapter.5}{Tools}{}% 26
\BOOKMARK [1][-]{section.5.1}{brightness}{chapter.5}% 27
\BOOKMARK [1][-]{section.5.2}{climatology}{chapter.5}% 28
\BOOKMARK [1][-]{section.5.3}{collect}{chapter.5}% 29
\BOOKMARK [1][-]{section.5.4}{formod}{chapter.5}% 30
\BOOKMARK [1][-]{section.5.5}{interpolate}{chapter.5}% 31
\BOOKMARK [1][-]{section.5.6}{kernel}{chapter.5}% 32
\BOOKMARK [1][-]{section.5.7}{limb}{chapter.5}% 33
\BOOKMARK [1][-]{section.5.8}{planck}{chapter.5}% 34
\BOOKMARK [1][-]{section.5.9}{raytrace}{chapter.5}% 35
\BOOKMARK [1][-]{section.5.10}{retrieval}{chapter.5}% 36
\BOOKMARK [1][-]{section.5.11}{tab2bin}{chapter.5}% 37
\BOOKMARK [0][-]{chapter.6}{Documentation}{}% 38
\BOOKMARK [1][-]{section.6.1}{Aerosol}{chapter.6}% 39
\BOOKMARK [0][-]{appendix.A}{Lists of Constants and Dimensions}{}% 40
\BOOKMARK [1][-]{section.A.1}{Physical Constants}{appendix.A}% 41
\BOOKMARK [1][-]{section.A.2}{Dimensions}{appendix.A}% 42
\BOOKMARK [0][-]{table.A.2}{Bibliography}{}% 43
